<?xml version="1.0" encoding="UTF-8"?>
<testsuite name="org.incubyte.todo.TodoServiceShould" tests="5" skipped="0" failures="0" errors="0" timestamp="2022-04-29T08:40:42" hostname="SBDEV" time="0.069">
  <properties/>
  <testcase name="invoke_find_by_id_method_in_repository()" classname="org.incubyte.todo.TodoServiceShould" time="0.056"/>
  <testcase name="find_all_todos_by_calling_repository()" classname="org.incubyte.todo.TodoServiceShould" time="0.001"/>
  <testcase name="invoke_save_method_in_repository()" classname="org.incubyte.todo.TodoServiceShould" time="0.004"/>
  <testcase name="get_all_closed_todos()" classname="org.incubyte.todo.TodoServiceShould" time="0.003"/>
  <testcase name="get_all_open_todos()" classname="org.incubyte.todo.TodoServiceShould" time="0.001"/>
  <system-out><![CDATA[]]></system-out>
  <system-err><![CDATA[]]></system-err>
</testsuite>
