<?xml version="1.0" encoding="UTF-8"?>
<testsuite name="org.incubyte.todo.TodoControllerTest" tests="1" skipped="0" failures="0" errors="0" timestamp="2022-04-29T08:40:41" hostname="SBDEV" time="1.152">
  <properties/>
  <testcase name="todo_crud_and_filtering()" classname="org.incubyte.todo.TodoControllerTest" time="1.152"/>
  <system-out><![CDATA[?[36m14:10:39.390?[0;39m ?[1;30m[Test worker]?[0;39m ?[34mINFO ?[0;39m ?[35mi.m.context.env.DefaultEnvironment?[0;39m - Established active environments: [test]
?[36m14:10:39.837?[0;39m ?[1;30m[Test worker]?[0;39m ?[34mINFO ?[0;39m ?[35mcom.zaxxer.hikari.HikariDataSource?[0;39m - HikariPool-1 - Starting...
?[36m14:10:40.010?[0;39m ?[1;30m[Test worker]?[0;39m ?[34mINFO ?[0;39m ?[35mcom.zaxxer.hikari.HikariDataSource?[0;39m - HikariPool-1 - Start completed.
?[36m14:10:40.026?[0;39m ?[1;30m[Test worker]?[0;39m ?[34mINFO ?[0;39m ?[35morg.hibernate.Version?[0;39m - HHH000412: Hibernate ORM core version 5.5.9.Final
?[36m14:10:40.104?[0;39m ?[1;30m[Test worker]?[0;39m ?[34mINFO ?[0;39m ?[35mo.h.annotations.common.Version?[0;39m - HCANN000001: Hibernate Commons Annotations {5.1.2.Final}
?[36m14:10:40.277?[0;39m ?[1;30m[Test worker]?[0;39m ?[34mINFO ?[0;39m ?[35morg.hibernate.dialect.Dialect?[0;39m - HHH000400: Using dialect: org.hibernate.dialect.H2Dialect
?[36m14:10:42.697?[0;39m ?[1;30m[Test worker]?[0;39m ?[34mINFO ?[0;39m ?[35mcom.zaxxer.hikari.HikariDataSource?[0;39m - HikariPool-1 - Shutdown initiated...
?[36m14:10:42.712?[0;39m ?[1;30m[Test worker]?[0;39m ?[34mINFO ?[0;39m ?[35mcom.zaxxer.hikari.HikariDataSource?[0;39m - HikariPool-1 - Shutdown completed.
]]></system-out>
  <system-err><![CDATA[]]></system-err>
</testsuite>
